<!DOCTYPE html PUBLIC "-//W3C//DTD XHTML 1.1//EN" "http://www.w3.org/TR/xhtml11/DTD/xhtml11.dtd">
<html xmlns="http://www.w3.org/1999/xhtml"><head><title>TestNG Report</title><style type="text/css">table {margin-bottom:10px;border-collapse:collapse;empty-cells:show}th,td {border:1px solid #009;padding:.25em .5em}th {vertical-align:bottom}td {vertical-align:top}table a {font-weight:bold}.stripe td {background-color: #E6EBF9}.num {text-align:right}.passedodd td {background-color: #3F3}.passedeven td {background-color: #0A0}.skippedodd td {background-color: #DDD}.skippedeven td {background-color: #CCC}.failedodd td,.attn {background-color: #F33}.failedeven td,.stripe .attn {background-color: #D00}.stacktrace {white-space:pre;font-family:monospace}.totop {font-size:85%;text-align:center;border-bottom:2px solid #000}</style></head><body><table><tr><th>Test</th><th># Passed</th><th># Skipped</th><th># Failed</th><th>Time (ms)</th><th>Included Groups</th><th>Excluded Groups</th></tr><tr><th colspan="7">Surefire suite</th></tr><tr><td><a href="#t0">Surefire test</a></td><td class="num">10</td><td class="num">0</td><td class="num attn">4</td><td class="num">381,346</td><td></td><td></td></tr></table><table id='summary'><thead><tr><th>Class</th><th>Method</th><th>Start</th><th>Time (ms)</th></tr></thead><tbody><tr><th colspan="4">Surefire suite</th></tr></tbody><tbody id="t0"><tr><th colspan="4">Surefire test &#8212; failed</th></tr><tr class="failedeven"><td rowspan="2">com.orangehrm.qa.testcases.HomePageTest</td><td><a href="#m0">clickOnRecruitmentTest</a></td><td rowspan="1">1663612212702</td><td rowspan="1">21472</td></tr><tr class="failedeven"><td><a href="#m1">correctUsernameTest</a></td><td rowspan="1">1663612255904</td><td rowspan="1">38</td></tr><tr class="failedodd"><td rowspan="1">com.orangehrm.qa.testcases.LoginPageTest</td><td><a href="#m2">orangeHrmLogoTest</a></td><td rowspan="1">1663612314526</td><td rowspan="1">20151</td></tr><tr class="failedeven"><td rowspan="1">com.orangehrm.qa.testcases.RecruitmentPageTest</td><td><a href="#m3">selectingCadidatesTest</a></td><td rowspan="1">1663612387399</td><td rowspan="1">20141</td></tr><tr><th colspan="4">Surefire test &#8212; passed</th></tr><tr class="passedeven"><td rowspan="2">com.orangehrm.qa.testcases.HomePageTest</td><td><a href="#m4">homePageTitleTest</a></td><td rowspan="1">1663612271694</td><td rowspan="1">9</td></tr><tr class="passedeven"><td><a href="#m5">logoutTest</a></td><td rowspan="1">1663612286622</td><td rowspan="1">1480</td></tr><tr class="passedodd"><td rowspan="2">com.orangehrm.qa.testcases.LoginPageTest</td><td><a href="#m6">loginPageTitleTest</a></td><td rowspan="1">1663612299582</td><td rowspan="1">13</td></tr><tr class="passedodd"><td><a href="#m7">loginTest</a></td><td rowspan="1">1663612366661</td><td rowspan="1">3623</td></tr><tr class="passedeven"><td rowspan="6">com.orangehrm.qa.testcases.RecruitmentPageTest</td><td><a href="#m8">addCandidatesTest</a></td><td rowspan="5">1663612449426</td><td rowspan="5">2583</td></tr><tr class="passedeven"><td><a href="#m9">addCandidatesTest</a></td></tr><tr class="passedeven"><td><a href="#m10">addCandidatesTest</a></td></tr><tr class="passedeven"><td><a href="#m11">addCandidatesTest</a></td></tr><tr class="passedeven"><td><a href="#m12">addCandidatesTest</a></td></tr><tr class="passedeven"><td><a href="#m13">candidateSearchTest</a></td><td rowspan="1">1663612353048</td><td rowspan="1">909</td></tr></tbody></table><h2>Surefire test</h2><h3 id="m0">com.orangehrm.qa.testcases.HomePageTest#clickOnRecruitmentTest</h3><table class="result"><tr><th>Exception</th></tr><tr><td><div class="stacktrace">org.openqa.selenium.NoSuchElementException: Unable to locate element: Candidates
For documentation on this error, please visit: https://selenium.dev/exceptions/#no_such_element
Build info: version: &apos;4.4.0&apos;, revision: &apos;e5c75ed026a&apos;
System info: host: &apos;DESKTOP-2GDR6HM&apos;, ip: &apos;192.168.1.7&apos;, os.name: &apos;Windows 10&apos;, os.arch: &apos;amd64&apos;, os.version: &apos;10.0&apos;, java.version: &apos;11.0.16.1&apos;
Driver info: org.openqa.selenium.firefox.FirefoxDriver
Command: [f06da14d-5d08-466f-b316-605e9ac334fc, findElement {using=link text, value=Candidates}]
Capabilities {acceptInsecureCerts: true, browserName: firefox, browserVersion: 104.0.2, moz:accessibilityChecks: false, moz:buildID: 20220902153754, moz:debuggerAddress: localhost:65136, moz:geckodriverVersion: 0.31.0, moz:headless: false, moz:platformVersion: 10.0, moz:processID: 6288, moz:profile: C:\Users\LENOVO\AppData\Loc..., moz:shutdownTimeout: 60000, moz:useNonSpecCompliantPointerOrigin: false, moz:webdriverClick: true, moz:windowless: false, pageLoadStrategy: normal, platformName: WINDOWS, proxy: Proxy(), se:cdp: ws://localhost:65136/devtoo..., se:cdpVersion: 85.0, setWindowRect: true, strictFileInteractability: false, timeouts: {implicit: 0, pageLoad: 300000, script: 30000}, unhandledPromptBehavior: dismiss and notify}
Session ID: f06da14d-5d08-466f-b316-605e9ac334fc
	at org.openqa.selenium.remote.codec.w3c.W3CHttpResponseCodec.createException(W3CHttpResponseCodec.java:200)
	at org.openqa.selenium.remote.codec.w3c.W3CHttpResponseCodec.decode(W3CHttpResponseCodec.java:133)
	at org.openqa.selenium.remote.codec.w3c.W3CHttpResponseCodec.decode(W3CHttpResponseCodec.java:53)
	at org.openqa.selenium.remote.HttpCommandExecutor.execute(HttpCommandExecutor.java:184)
	at org.openqa.selenium.remote.service.DriverCommandExecutor.invokeExecute(DriverCommandExecutor.java:167)
	at org.openqa.selenium.remote.service.DriverCommandExecutor.execute(DriverCommandExecutor.java:142)
	at org.openqa.selenium.remote.RemoteWebDriver.execute(RemoteWebDriver.java:547)
	at org.openqa.selenium.remote.ElementLocation$ElementFinder$2.findElement(ElementLocation.java:162)
	at org.openqa.selenium.remote.ElementLocation.findElement(ElementLocation.java:60)
	at org.openqa.selenium.remote.RemoteWebDriver.findElement(RemoteWebDriver.java:365)
	at org.openqa.selenium.remote.RemoteWebDriver.findElement(RemoteWebDriver.java:357)
	at org.openqa.selenium.support.events.EventFiringWebDriver.lambda$new$1(EventFiringWebDriver.java:105)
	at com.sun.proxy.$Proxy13.findElement(Unknown Source)
	at org.openqa.selenium.support.events.EventFiringWebDriver.findElement(EventFiringWebDriver.java:194)
	at org.openqa.selenium.support.pagefactory.DefaultElementLocator.findElement(DefaultElementLocator.java:70)
	at org.openqa.selenium.support.pagefactory.internal.LocatingElementHandler.invoke(LocatingElementHandler.java:39)
	at com.sun.proxy.$Proxy18.click(Unknown Source)
	at com.orangehrm.qa.pages.HomePage.clickOnRecruitmentTab(HomePage.java:46)
	at com.orangehrm.qa.testcases.HomePageTest.clickOnRecruitmentTest(HomePageTest.java:49)
... Removed 38 stack frames</div></td></tr></table><p class="totop"><a href="#summary">back to summary</a></p><h3 id="m1">com.orangehrm.qa.testcases.HomePageTest#correctUsernameTest</h3><table class="result"><tr><th>Exception</th></tr><tr><td><div class="stacktrace">java.lang.AssertionError: expected [true] but found [false]
	at com.orangehrm.qa.testcases.HomePageTest.correctUsernameTest(HomePageTest.java:39)
... Removed 34 stack frames</div></td></tr></table><p class="totop"><a href="#summary">back to summary</a></p><h3 id="m2">com.orangehrm.qa.testcases.LoginPageTest#orangeHrmLogoTest</h3><table class="result"><tr><th>Exception</th></tr><tr><td><div class="stacktrace">org.openqa.selenium.NoSuchElementException: Unable to locate element: //img[@src=&apos;/symfony/web/webres_6315bbebe9e877.26918613/themes/default/images/login/logo.png&apos;]
For documentation on this error, please visit: https://selenium.dev/exceptions/#no_such_element
Build info: version: &apos;4.4.0&apos;, revision: &apos;e5c75ed026a&apos;
System info: host: &apos;DESKTOP-2GDR6HM&apos;, ip: &apos;192.168.1.7&apos;, os.name: &apos;Windows 10&apos;, os.arch: &apos;amd64&apos;, os.version: &apos;10.0&apos;, java.version: &apos;11.0.16.1&apos;
Driver info: org.openqa.selenium.firefox.FirefoxDriver
Command: [db87a152-24f0-41b2-8a21-bd34e4390e2e, findElement {using=xpath, value=//img[@src=&apos;/symfony/web/webres_6315bbebe9e877.26918613/themes/default/images/login/logo.png&apos;]}]
Capabilities {acceptInsecureCerts: true, browserName: firefox, browserVersion: 104.0.2, moz:accessibilityChecks: false, moz:buildID: 20220902153754, moz:debuggerAddress: localhost:55091, moz:geckodriverVersion: 0.31.0, moz:headless: false, moz:platformVersion: 10.0, moz:processID: 10184, moz:profile: C:\Users\LENOVO\AppData\Loc..., moz:shutdownTimeout: 60000, moz:useNonSpecCompliantPointerOrigin: false, moz:webdriverClick: true, moz:windowless: false, pageLoadStrategy: normal, platformName: WINDOWS, proxy: Proxy(), se:cdp: ws://localhost:55091/devtoo..., se:cdpVersion: 85.0, setWindowRect: true, strictFileInteractability: false, timeouts: {implicit: 0, pageLoad: 300000, script: 30000}, unhandledPromptBehavior: dismiss and notify}
Session ID: db87a152-24f0-41b2-8a21-bd34e4390e2e
	at org.openqa.selenium.remote.codec.w3c.W3CHttpResponseCodec.createException(W3CHttpResponseCodec.java:200)
	at org.openqa.selenium.remote.codec.w3c.W3CHttpResponseCodec.decode(W3CHttpResponseCodec.java:133)
	at org.openqa.selenium.remote.codec.w3c.W3CHttpResponseCodec.decode(W3CHttpResponseCodec.java:53)
	at org.openqa.selenium.remote.HttpCommandExecutor.execute(HttpCommandExecutor.java:184)
	at org.openqa.selenium.remote.service.DriverCommandExecutor.invokeExecute(DriverCommandExecutor.java:167)
	at org.openqa.selenium.remote.service.DriverCommandExecutor.execute(DriverCommandExecutor.java:142)
	at org.openqa.selenium.remote.RemoteWebDriver.execute(RemoteWebDriver.java:547)
	at org.openqa.selenium.remote.ElementLocation$ElementFinder$2.findElement(ElementLocation.java:162)
	at org.openqa.selenium.remote.ElementLocation.findElement(ElementLocation.java:60)
	at org.openqa.selenium.remote.RemoteWebDriver.findElement(RemoteWebDriver.java:365)
	at org.openqa.selenium.remote.RemoteWebDriver.findElement(RemoteWebDriver.java:357)
	at org.openqa.selenium.support.events.EventFiringWebDriver.lambda$new$1(EventFiringWebDriver.java:105)
	at com.sun.proxy.$Proxy13.findElement(Unknown Source)
	at org.openqa.selenium.support.events.EventFiringWebDriver.findElement(EventFiringWebDriver.java:194)
	at org.openqa.selenium.support.pagefactory.DefaultElementLocator.findElement(DefaultElementLocator.java:70)
	at org.openqa.selenium.support.pagefactory.internal.LocatingElementHandler.invoke(LocatingElementHandler.java:39)
	at com.sun.proxy.$Proxy18.isDisplayed(Unknown Source)
	at com.orangehrm.qa.pages.LoginPage.validateOrangeHrmImage(LoginPage.java:39)
	at com.orangehrm.qa.testcases.LoginPageTest.orangeHrmLogoTest(LoginPageTest.java:33)
... Removed 37 stack frames</div></td></tr></table><p class="totop"><a href="#summary">back to summary</a></p><h3 id="m3">com.orangehrm.qa.testcases.RecruitmentPageTest#selectingCadidatesTest</h3><table class="result"><tr><th>Exception</th></tr><tr><td><div class="stacktrace">org.openqa.selenium.NoSuchElementException: Unable to locate element: //a[contains(text(),&apos;Palasa&apos;)]//parent::td[@class=&apos;left&apos;]//preceding-sibling::td//input
For documentation on this error, please visit: https://selenium.dev/exceptions/#no_such_element
Build info: version: &apos;4.4.0&apos;, revision: &apos;e5c75ed026a&apos;
System info: host: &apos;DESKTOP-2GDR6HM&apos;, ip: &apos;192.168.1.7&apos;, os.name: &apos;Windows 10&apos;, os.arch: &apos;amd64&apos;, os.version: &apos;10.0&apos;, java.version: &apos;11.0.16.1&apos;
Driver info: org.openqa.selenium.firefox.FirefoxDriver
Command: [599b9350-d94d-46be-b983-fa3d8634572f, findElement {using=xpath, value=//a[contains(text(),&apos;Palasa&apos;)]//parent::td[@class=&apos;left&apos;]//preceding-sibling::td//input}]
Capabilities {acceptInsecureCerts: true, browserName: firefox, browserVersion: 104.0.2, moz:accessibilityChecks: false, moz:buildID: 20220902153754, moz:debuggerAddress: localhost:65341, moz:geckodriverVersion: 0.31.0, moz:headless: false, moz:platformVersion: 10.0, moz:processID: 9840, moz:profile: C:\Users\LENOVO\AppData\Loc..., moz:shutdownTimeout: 60000, moz:useNonSpecCompliantPointerOrigin: false, moz:webdriverClick: true, moz:windowless: false, pageLoadStrategy: normal, platformName: WINDOWS, proxy: Proxy(), se:cdp: ws://localhost:65341/devtoo..., se:cdpVersion: 85.0, setWindowRect: true, strictFileInteractability: false, timeouts: {implicit: 0, pageLoad: 300000, script: 30000}, unhandledPromptBehavior: dismiss and notify}
Session ID: 599b9350-d94d-46be-b983-fa3d8634572f
	at org.openqa.selenium.remote.codec.w3c.W3CHttpResponseCodec.createException(W3CHttpResponseCodec.java:200)
	at org.openqa.selenium.remote.codec.w3c.W3CHttpResponseCodec.decode(W3CHttpResponseCodec.java:133)
	at org.openqa.selenium.remote.codec.w3c.W3CHttpResponseCodec.decode(W3CHttpResponseCodec.java:53)
	at org.openqa.selenium.remote.HttpCommandExecutor.execute(HttpCommandExecutor.java:184)
	at org.openqa.selenium.remote.service.DriverCommandExecutor.invokeExecute(DriverCommandExecutor.java:167)
	at org.openqa.selenium.remote.service.DriverCommandExecutor.execute(DriverCommandExecutor.java:142)
	at org.openqa.selenium.remote.RemoteWebDriver.execute(RemoteWebDriver.java:547)
	at org.openqa.selenium.remote.ElementLocation$ElementFinder$2.findElement(ElementLocation.java:162)
	at org.openqa.selenium.remote.ElementLocation.findElement(ElementLocation.java:60)
	at org.openqa.selenium.remote.RemoteWebDriver.findElement(RemoteWebDriver.java:365)
	at org.openqa.selenium.remote.RemoteWebDriver.findElement(RemoteWebDriver.java:357)
	at org.openqa.selenium.support.events.EventFiringWebDriver.lambda$new$1(EventFiringWebDriver.java:105)
	at com.sun.proxy.$Proxy13.findElement(Unknown Source)
	at org.openqa.selenium.support.events.EventFiringWebDriver.findElement(EventFiringWebDriver.java:194)
	at com.orangehrm.qa.pages.RecruitmentPage.selectingCandidates(RecruitmentPage.java:33)
	at com.orangehrm.qa.testcases.RecruitmentPageTest.selectingCadidatesTest(RecruitmentPageTest.java:42)
... Removed 37 stack frames</div></td></tr></table><p class="totop"><a href="#summary">back to summary</a></p><h3 id="m4">com.orangehrm.qa.testcases.HomePageTest#homePageTitleTest</h3><table class="result"></table><p class="totop"><a href="#summary">back to summary</a></p><h3 id="m5">com.orangehrm.qa.testcases.HomePageTest#logoutTest</h3><table class="result"></table><p class="totop"><a href="#summary">back to summary</a></p><h3 id="m6">com.orangehrm.qa.testcases.LoginPageTest#loginPageTitleTest</h3><table class="result"></table><p class="totop"><a href="#summary">back to summary</a></p><h3 id="m7">com.orangehrm.qa.testcases.LoginPageTest#loginTest</h3><table class="result"></table><p class="totop"><a href="#summary">back to summary</a></p><h3 id="m8">com.orangehrm.qa.testcases.RecruitmentPageTest#addCandidatesTest</h3><table class="result"><tr class="param"><th>Parameter #1</th><th>Parameter #2</th><th>Parameter #3</th><th>Parameter #4</th></tr><tr class="param stripe"><td>Steve</td><td>Holland</td><td>test104@gmail.com</td><td>QA</td></tr></table><p class="totop"><a href="#summary">back to summary</a></p><h3 id="m9">com.orangehrm.qa.testcases.RecruitmentPageTest#addCandidatesTest</h3><table class="result"><tr class="param"><th>Parameter #1</th><th>Parameter #2</th><th>Parameter #3</th><th>Parameter #4</th></tr><tr class="param stripe"><td>Lucas</td><td>Clair</td><td>test105@gmail.com</td><td>QA</td></tr></table><p class="totop"><a href="#summary">back to summary</a></p><h3 id="m10">com.orangehrm.qa.testcases.RecruitmentPageTest#addCandidatesTest</h3><table class="result"><tr class="param"><th>Parameter #1</th><th>Parameter #2</th><th>Parameter #3</th><th>Parameter #4</th></tr><tr class="param stripe"><td>Tony</td><td>Stark</td><td>test102@gmail.com</td><td>QA</td></tr></table><p class="totop"><a href="#summary">back to summary</a></p><h3 id="m11">com.orangehrm.qa.testcases.RecruitmentPageTest#addCandidatesTest</h3><table class="result"><tr class="param"><th>Parameter #1</th><th>Parameter #2</th><th>Parameter #3</th><th>Parameter #4</th></tr><tr class="param stripe"><td>Mike</td><td>Wheeler</td><td>test103@gmail.com</td><td>QA</td></tr></table><p class="totop"><a href="#summary">back to summary</a></p><h3 id="m12">com.orangehrm.qa.testcases.RecruitmentPageTest#addCandidatesTest</h3><table class="result"><tr class="param"><th>Parameter #1</th><th>Parameter #2</th><th>Parameter #3</th><th>Parameter #4</th></tr><tr class="param stripe"><td>Dustin</td><td>Anderson</td><td>test104@gmail.com</td><td>QA</td></tr></table><p class="totop"><a href="#summary">back to summary</a></p><h3 id="m13">com.orangehrm.qa.testcases.RecruitmentPageTest#candidateSearchTest</h3><table class="result"></table><p class="totop"><a href="#summary">back to summary</a></p></body></html>